Flow report for asf
Sat Jun 22 06:47:57 2024
Quartus Prime Version 23.1std.0 Build 991 11/28/2023 SC Lite Edition


---------------------
; Table of Contents ;
---------------------
  1. Legal Notice
  2. Flow Summary
  3. Flow Settings
  4. Flow Non-Default Global Settings
  5. Flow Elapsed Time
  6. Flow OS Summary
  7. Flow Log
  8. Flow Messages
  9. Flow Suppressed Messages



----------------
; Legal Notice ;
----------------
Copyright (C) 2023  Intel Corporation. All rights reserved.
Your use of Intel Corporation's design tools, logic functions 
and other software and tools, and any partner logic 
functions, and any output files from any of the foregoing 
(including device programming or simulation files), and any 
associated documentation or information are expressly subject 
to the terms and conditions of the Intel Program License 
Subscription Agreement, the Intel Quartus Prime License Agreement,
the Intel FPGA IP License Agreement, or other applicable license
agreement, including, without limitation, that your use is for
the sole purpose of programming logic devices manufactured by
Intel and sold by Intel or its authorized distributors.  Please
refer to the applicable agreement for further details, at
https://fpgasoftware.intel.com/eula.



+-------------------------------------------------------------------------------------+
; Flow Summary                                                                        ;
+------------------------------------+------------------------------------------------+
; Flow Status                        ; Successful - Sat Jun 22 06:47:57 2024          ;
; Quartus Prime Version              ; 23.1std.0 Build 991 11/28/2023 SC Lite Edition ;
; Revision Name                      ; asf                                            ;
; Top-level Entity Name              ; single_cycle_datapath                          ;
; Family                             ; Cyclone IV E                                   ;
; Total logic elements               ; 42,257 / 55,856 ( 76 % )                       ;
;     Total combinational functions  ; 25,028 / 55,856 ( 45 % )                       ;
;     Dedicated logic registers      ; 33,824 / 55,856 ( 61 % )                       ;
; Total registers                    ; 33824                                          ;
; Total pins                         ; 53 / 325 ( 16 % )                              ;
; Total virtual pins                 ; 0                                              ;
; Total memory bits                  ; 0 / 2,396,160 ( 0 % )                          ;
; Embedded Multiplier 9-bit elements ; 0 / 308 ( 0 % )                                ;
; Total PLLs                         ; 0 / 4 ( 0 % )                                  ;
; Device                             ; EP4CE55F23C6                                   ;
; Timing Models                      ; Final                                          ;
+------------------------------------+------------------------------------------------+


+-----------------------------------------+
; Flow Settings                           ;
+-------------------+---------------------+
; Option            ; Setting             ;
+-------------------+---------------------+
; Start date & time ; 06/22/2024 06:27:45 ;
; Main task         ; Compilation         ;
; Revision Name     ; asf                 ;
+-------------------+---------------------+


+----------------------------------------------------------------------------------------------------------------------------------------------------------+
; Flow Non-Default Global Settings                                                                                                                         ;
+-------------------------------------+----------------------------------------+---------------+-----------------------+-----------------------------------+
; Assignment Name                     ; Value                                  ; Default Value ; Entity Name           ; Section Id                        ;
+-------------------------------------+----------------------------------------+---------------+-----------------------+-----------------------------------+
; COMPILER_SIGNATURE_ID               ; 238300916432152.171901246524144        ; --            ; --                    ; --                                ;
; EDA_GENERATE_FUNCTIONAL_NETLIST     ; Off                                    ; --            ; --                    ; eda_board_design_timing           ;
; EDA_GENERATE_FUNCTIONAL_NETLIST     ; Off                                    ; --            ; --                    ; eda_board_design_boundary_scan    ;
; EDA_GENERATE_FUNCTIONAL_NETLIST     ; Off                                    ; --            ; --                    ; eda_board_design_signal_integrity ;
; EDA_GENERATE_FUNCTIONAL_NETLIST     ; Off                                    ; --            ; --                    ; eda_board_design_symbol           ;
; EDA_OUTPUT_DATA_FORMAT              ; Verilog Hdl                            ; --            ; --                    ; eda_simulation                    ;
; EDA_SIMULATION_TOOL                 ; Questa Intel FPGA (Verilog)            ; <None>        ; --                    ; --                                ;
; EDA_TIME_SCALE                      ; 1 ps                                   ; --            ; --                    ; eda_simulation                    ;
; PARTITION_COLOR                     ; -- (Not supported for targeted family) ; --            ; single_cycle_datapath ; Top                               ;
; PARTITION_FITTER_PRESERVATION_LEVEL ; -- (Not supported for targeted family) ; --            ; single_cycle_datapath ; Top                               ;
; PARTITION_NETLIST_TYPE              ; -- (Not supported for targeted family) ; --            ; single_cycle_datapath ; Top                               ;
; PROJECT_OUTPUT_DIRECTORY            ; output_files                           ; --            ; --                    ; --                                ;
; TOP_LEVEL_ENTITY                    ; single_cycle_datapath                  ; asf           ; --                    ; --                                ;
+-------------------------------------+----------------------------------------+---------------+-----------------------+-----------------------------------+


+--------------------------------------------------------------------------------------------------------------------------+
; Flow Elapsed Time                                                                                                        ;
+----------------------+--------------+-------------------------+---------------------+------------------------------------+
; Module Name          ; Elapsed Time ; Average Processors Used ; Peak Virtual Memory ; Total CPU Time (on all processors) ;
+----------------------+--------------+-------------------------+---------------------+------------------------------------+
; Analysis & Synthesis ; 00:01:07     ; 1.0                     ; 5072 MB             ; 00:01:08                           ;
; Fitter               ; 00:17:34     ; 1.1                     ; 6310 MB             ; 00:11:31                           ;
; Assembler            ; 00:00:05     ; 1.0                     ; 4836 MB             ; 00:00:01                           ;
; Timing Analyzer      ; 00:01:00     ; 1.7                     ; 5887 MB             ; 00:00:22                           ;
; EDA Netlist Writer   ; 00:00:09     ; 1.0                     ; 4801 MB             ; 00:00:03                           ;
; Total                ; 00:19:55     ; --                      ; --                  ; 00:13:05                           ;
+----------------------+--------------+-------------------------+---------------------+------------------------------------+


+------------------------------------------------------------------------------------+
; Flow OS Summary                                                                    ;
+----------------------+------------------+------------+------------+----------------+
; Module Name          ; Machine Hostname ; OS Name    ; OS Version ; Processor type ;
+----------------------+------------------+------------+------------+----------------+
; Analysis & Synthesis ; phuoc            ; Windows 10 ; 10.0       ; x86_64         ;
; Fitter               ; phuoc            ; Windows 10 ; 10.0       ; x86_64         ;
; Assembler            ; phuoc            ; Windows 10 ; 10.0       ; x86_64         ;
; Timing Analyzer      ; phuoc            ; Windows 10 ; 10.0       ; x86_64         ;
; EDA Netlist Writer   ; phuoc            ; Windows 10 ; 10.0       ; x86_64         ;
+----------------------+------------------+------------+------------+----------------+


------------
; Flow Log ;
------------
quartus_map --read_settings_files=on --write_settings_files=off asf -c asf
quartus_fit --read_settings_files=off --write_settings_files=off asf -c asf
quartus_asm --read_settings_files=off --write_settings_files=off asf -c asf
quartus_sta asf -c asf
quartus_eda --read_settings_files=off --write_settings_files=off asf -c asf



